2023-02-13 17:33:08,591:INFO:PyCaret Supervised Module
2023-02-13 17:33:08,592:INFO:ML Usecase: clustering
2023-02-13 17:33:08,592:INFO:version 2.2.3
2023-02-13 17:33:08,592:INFO:Initializing setup()
2023-02-13 17:33:08,592:INFO:setup(target=None, ml_usecase=clustering, available_plots={'cluster': 'Cluster PCA Plot (2d)', 'tsne': 'Cluster TSnE (3d)', 'elbow': 'Elbow', 'silhouette': 'Silhouette', 'distance': 'Distance', 'distribution': 'Distribution'}, train_size=0.7, test_data=None, preprocess=True, imputation_type=simple, iterative_imputation_iters=5, categorical_features=None, categorical_imputation=mode, categorical_iterative_imputer=lightgbm, ordinal_features=None, high_cardinality_features=None, high_cardinality_method=frequency, numeric_features=None, numeric_imputation=mean, numeric_iterative_imputer=lightgbm, date_features=None, ignore_features=None, normalize=True, normalize_method=zscore, transformation=False, transformation_method=yeo-johnson, handle_unknown_categorical=True, unknown_categorical_method=least_frequent, pca=False, pca_method=linear, pca_components=None, ignore_low_variance=False, combine_rare_levels=False, rare_level_threshold=0.1, bin_numeric_features=None, remove_outliers=False, outliers_threshold=0.05, remove_multicollinearity=False, multicollinearity_threshold=0.9, remove_perfect_collinearity=False, create_clusters=False, cluster_iter=20, polynomial_features=False, polynomial_degree=2, trigonometry_features=False, polynomial_threshold=0.1, group_features=None, group_names=None, feature_selection=False, feature_selection_threshold=0.8, feature_selection_method=classic, feature_interaction=False, feature_ratio=False, interaction_threshold=0.01, fix_imbalance=False, fix_imbalance_method=None, transform_target=False, transform_target_method=box-cox, data_split_shuffle=False, data_split_stratify=False, fold_strategy=kfold, fold=10, fold_shuffle=False, fold_groups=None, n_jobs=-1, use_gpu=False, custom_pipeline=None, html=True, session_id=None, log_experiment=False, experiment_name=None, log_plots=False, log_profile=False, log_data=False, silent=False, verbose=True, profile=False, profile_kwargs=None, display=None)
2023-02-13 17:33:08,592:INFO:Checking environment
2023-02-13 17:33:08,592:INFO:python_version: 3.10.9
2023-02-13 17:33:08,592:INFO:python_build: ('main', 'Jan 11 2023 09:18:20')
2023-02-13 17:33:08,592:INFO:machine: x86_64
2023-02-13 17:33:08,592:INFO:platform: macOS-10.16-x86_64-i386-64bit
2023-02-13 17:33:08,592:INFO:Memory: svmem(total=17179869184, available=1470844928, percent=91.4, used=1590247424, free=415350784, active=1059196928, inactive=1019187200, wired=531050496)
2023-02-13 17:33:08,592:INFO:Physical Core: 10
2023-02-13 17:33:08,592:INFO:Logical Core: 10
2023-02-13 17:33:08,592:INFO:Checking libraries
2023-02-13 17:33:08,592:INFO:pd==1.5.2
2023-02-13 17:33:08,592:INFO:numpy==1.23.5
2023-02-13 17:33:08,592:INFO:sklearn==1.2.0
2023-02-13 17:33:08,902:INFO:xgboost==1.7.1
2023-02-13 17:33:08,902:INFO:lightgbm==3.3.5
2023-02-13 17:33:10,313:INFO:catboost==1.0.4
2023-02-13 17:33:10,621:INFO:mlflow==1.27.0
2023-02-13 17:33:10,621:INFO:Checking Exceptions
2023-02-13 17:33:10,621:INFO:Declaring global variables
2023-02-13 17:33:10,621:INFO:USI: 7647
2023-02-13 17:33:10,621:INFO:pycaret_globals: {'target_param', 'display_container', 'imputation_classifier', 'imputation_regressor', 'iterative_imputation_iters_param', 'transform_target_method_param', 'fold_shuffle_param', 'transform_target_param', '_gpu_n_jobs_param', 'master_model_container', 'logging_param', 'fix_imbalance_method_param', '_internal_pipeline', 'exp_name_log', 'log_plots_param', 'fold_generator', '_all_metrics', '_all_models_internal', 'pycaret_globals', '_ml_usecase', '_all_models', 'fold_groups_param', 'stratify_param', 'gpu_param', 'create_model_container', 'experiment__', 'html_param', 'USI', 'fix_imbalance_param', 'X', 'seed', 'n_jobs_param', 'data_before_preprocess', '_available_plots', 'prep_pipe', 'fold_param'}
2023-02-13 17:33:10,621:INFO:Preparing display monitor
2023-02-13 17:33:10,621:INFO:Preparing display monitor
2023-02-13 17:33:10,626:INFO:Importing libraries
2023-02-13 17:33:10,626:INFO:Copying data for preprocessing
2023-02-13 17:33:10,630:INFO:Declaring preprocessing parameters
2023-02-13 17:33:10,632:INFO:Creating preprocessing pipeline
2023-02-13 17:33:10,637:INFO:Preprocessing pipeline created successfully
2023-02-13 17:33:10,637:ERROR:(Process Exit): setup has been interupted with user command 'quit'. setup must rerun.
2023-02-13 17:33:10,637:INFO:Creating global containers
2023-02-13 17:34:38,323:INFO:PyCaret Supervised Module
2023-02-13 17:34:38,324:INFO:ML Usecase: clustering
2023-02-13 17:34:38,324:INFO:version 2.2.3
2023-02-13 17:34:38,324:INFO:Initializing setup()
2023-02-13 17:34:38,324:INFO:setup(target=None, ml_usecase=clustering, available_plots={'cluster': 'Cluster PCA Plot (2d)', 'tsne': 'Cluster TSnE (3d)', 'elbow': 'Elbow', 'silhouette': 'Silhouette', 'distance': 'Distance', 'distribution': 'Distribution'}, train_size=0.7, test_data=None, preprocess=True, imputation_type=simple, iterative_imputation_iters=5, categorical_features=None, categorical_imputation=mode, categorical_iterative_imputer=lightgbm, ordinal_features=None, high_cardinality_features=None, high_cardinality_method=frequency, numeric_features=None, numeric_imputation=mean, numeric_iterative_imputer=lightgbm, date_features=None, ignore_features=None, normalize=True, normalize_method=zscore, transformation=False, transformation_method=yeo-johnson, handle_unknown_categorical=True, unknown_categorical_method=least_frequent, pca=False, pca_method=linear, pca_components=None, ignore_low_variance=False, combine_rare_levels=False, rare_level_threshold=0.1, bin_numeric_features=None, remove_outliers=False, outliers_threshold=0.05, remove_multicollinearity=False, multicollinearity_threshold=0.9, remove_perfect_collinearity=False, create_clusters=False, cluster_iter=20, polynomial_features=False, polynomial_degree=2, trigonometry_features=False, polynomial_threshold=0.1, group_features=None, group_names=None, feature_selection=False, feature_selection_threshold=0.8, feature_selection_method=classic, feature_interaction=False, feature_ratio=False, interaction_threshold=0.01, fix_imbalance=False, fix_imbalance_method=None, transform_target=False, transform_target_method=box-cox, data_split_shuffle=False, data_split_stratify=False, fold_strategy=kfold, fold=10, fold_shuffle=False, fold_groups=None, n_jobs=-1, use_gpu=False, custom_pipeline=None, html=True, session_id=None, log_experiment=False, experiment_name=None, log_plots=False, log_profile=False, log_data=False, silent=False, verbose=True, profile=False, profile_kwargs=None, display=None)
2023-02-13 17:34:38,325:INFO:Checking environment
2023-02-13 17:34:38,326:INFO:python_version: 3.10.9
2023-02-13 17:34:38,327:INFO:python_build: ('main', 'Jan 11 2023 09:18:20')
2023-02-13 17:34:38,327:INFO:machine: x86_64
2023-02-13 17:34:38,327:INFO:platform: macOS-10.16-x86_64-i386-64bit
2023-02-13 17:34:38,327:INFO:Memory: svmem(total=17179869184, available=1272270848, percent=92.6, used=1820786688, free=15831040, active=1262243840, inactive=1181720576, wired=558542848)
2023-02-13 17:34:38,327:INFO:Physical Core: 10
2023-02-13 17:34:38,328:INFO:Logical Core: 10
2023-02-13 17:34:38,328:INFO:Checking libraries
2023-02-13 17:34:38,328:INFO:pd==1.5.2
2023-02-13 17:34:38,328:INFO:numpy==1.23.5
2023-02-13 17:34:38,328:INFO:sklearn==1.2.0
2023-02-13 17:34:38,328:INFO:xgboost==1.7.1
2023-02-13 17:34:38,328:INFO:lightgbm==3.3.5
2023-02-13 17:34:38,328:INFO:catboost==1.0.4
2023-02-13 17:34:38,328:INFO:mlflow==1.27.0
2023-02-13 17:34:38,328:INFO:Checking Exceptions
2023-02-13 17:34:38,328:INFO:Declaring global variables
2023-02-13 17:34:38,329:INFO:USI: 9f58
2023-02-13 17:34:38,329:INFO:pycaret_globals: {'target_param', 'display_container', 'imputation_classifier', 'imputation_regressor', 'iterative_imputation_iters_param', 'transform_target_method_param', 'fold_shuffle_param', 'transform_target_param', '_gpu_n_jobs_param', 'master_model_container', 'logging_param', 'fix_imbalance_method_param', '_internal_pipeline', 'exp_name_log', 'log_plots_param', 'fold_generator', '_all_metrics', '_all_models_internal', 'pycaret_globals', '_ml_usecase', '_all_models', 'fold_groups_param', 'stratify_param', 'gpu_param', 'create_model_container', 'experiment__', 'html_param', 'USI', 'fix_imbalance_param', 'X', 'seed', 'n_jobs_param', 'data_before_preprocess', '_available_plots', 'prep_pipe', 'fold_param'}
2023-02-13 17:34:38,329:INFO:Preparing display monitor
2023-02-13 17:34:38,329:INFO:Preparing display monitor
2023-02-13 17:34:38,344:INFO:Importing libraries
2023-02-13 17:34:38,344:INFO:Copying data for preprocessing
2023-02-13 17:34:38,349:INFO:Declaring preprocessing parameters
2023-02-13 17:34:38,351:INFO:Creating preprocessing pipeline
2023-02-13 17:34:38,356:INFO:Preprocessing pipeline created successfully
2023-02-13 17:34:38,356:ERROR:(Process Exit): setup has been interupted with user command 'quit'. setup must rerun.
2023-02-13 17:34:38,356:INFO:Creating global containers
2023-02-13 17:44:51,829:INFO:PyCaret Supervised Module
2023-02-13 17:44:51,831:INFO:ML Usecase: clustering
2023-02-13 17:44:51,831:INFO:version 2.2.3
2023-02-13 17:44:51,832:INFO:Initializing setup()
2023-02-13 17:44:51,832:INFO:setup(target=None, ml_usecase=clustering, available_plots={'cluster': 'Cluster PCA Plot (2d)', 'tsne': 'Cluster TSnE (3d)', 'elbow': 'Elbow', 'silhouette': 'Silhouette', 'distance': 'Distance', 'distribution': 'Distribution'}, train_size=0.7, test_data=None, preprocess=True, imputation_type=simple, iterative_imputation_iters=5, categorical_features=None, categorical_imputation=mode, categorical_iterative_imputer=lightgbm, ordinal_features=None, high_cardinality_features=None, high_cardinality_method=frequency, numeric_features=None, numeric_imputation=mean, numeric_iterative_imputer=lightgbm, date_features=None, ignore_features=None, normalize=False, normalize_method=zscore, transformation=False, transformation_method=yeo-johnson, handle_unknown_categorical=True, unknown_categorical_method=least_frequent, pca=False, pca_method=linear, pca_components=None, ignore_low_variance=False, combine_rare_levels=False, rare_level_threshold=0.1, bin_numeric_features=None, remove_outliers=False, outliers_threshold=0.05, remove_multicollinearity=False, multicollinearity_threshold=0.9, remove_perfect_collinearity=False, create_clusters=False, cluster_iter=20, polynomial_features=False, polynomial_degree=2, trigonometry_features=False, polynomial_threshold=0.1, group_features=None, group_names=None, feature_selection=False, feature_selection_threshold=0.8, feature_selection_method=classic, feature_interaction=False, feature_ratio=False, interaction_threshold=0.01, fix_imbalance=False, fix_imbalance_method=None, transform_target=False, transform_target_method=box-cox, data_split_shuffle=False, data_split_stratify=False, fold_strategy=kfold, fold=10, fold_shuffle=False, fold_groups=None, n_jobs=-1, use_gpu=False, custom_pipeline=None, html=True, session_id=None, log_experiment=False, experiment_name=None, log_plots=False, log_profile=False, log_data=False, silent=False, verbose=True, profile=False, profile_kwargs=None, display=None)
2023-02-13 17:44:51,832:INFO:Checking environment
2023-02-13 17:44:51,832:INFO:python_version: 3.10.9
2023-02-13 17:44:51,832:INFO:python_build: ('main', 'Jan 11 2023 09:18:20')
2023-02-13 17:44:51,832:INFO:machine: x86_64
2023-02-13 17:44:51,832:INFO:platform: macOS-10.16-x86_64-i386-64bit
2023-02-13 17:44:51,832:INFO:Memory: svmem(total=17179869184, available=1285419008, percent=92.5, used=1779650560, free=52760576, active=1232994304, inactive=1228099584, wired=546656256)
2023-02-13 17:44:51,832:INFO:Physical Core: 10
2023-02-13 17:44:51,832:INFO:Logical Core: 10
2023-02-13 17:44:51,832:INFO:Checking libraries
2023-02-13 17:44:51,832:INFO:pd==1.5.2
2023-02-13 17:44:51,833:INFO:numpy==1.23.5
2023-02-13 17:44:51,833:INFO:sklearn==1.2.0
2023-02-13 17:44:51,833:INFO:xgboost==1.7.1
2023-02-13 17:44:51,833:INFO:lightgbm==3.3.5
2023-02-13 17:44:51,833:INFO:catboost==1.0.4
2023-02-13 17:44:51,833:INFO:mlflow==1.27.0
2023-02-13 17:44:51,833:INFO:Checking Exceptions
2023-02-13 17:44:51,833:INFO:Declaring global variables
2023-02-13 17:44:51,833:INFO:USI: f538
2023-02-13 17:44:51,833:INFO:pycaret_globals: {'target_param', 'display_container', 'imputation_classifier', 'imputation_regressor', 'iterative_imputation_iters_param', 'transform_target_method_param', 'fold_shuffle_param', 'transform_target_param', '_gpu_n_jobs_param', 'master_model_container', 'logging_param', 'fix_imbalance_method_param', '_internal_pipeline', 'exp_name_log', 'log_plots_param', 'fold_generator', '_all_metrics', '_all_models_internal', 'pycaret_globals', '_ml_usecase', '_all_models', 'fold_groups_param', 'stratify_param', 'gpu_param', 'create_model_container', 'experiment__', 'html_param', 'USI', 'fix_imbalance_param', 'X', 'seed', 'n_jobs_param', 'data_before_preprocess', '_available_plots', 'prep_pipe', 'fold_param'}
2023-02-13 17:44:51,833:INFO:Preparing display monitor
2023-02-13 17:44:51,834:INFO:Preparing display monitor
2023-02-13 17:44:51,853:INFO:Importing libraries
2023-02-13 17:44:51,854:INFO:Copying data for preprocessing
2023-02-13 17:44:51,859:INFO:Declaring preprocessing parameters
2023-02-13 17:44:51,861:INFO:Creating preprocessing pipeline
2023-02-13 17:44:51,865:INFO:Preprocessing pipeline created successfully
2023-02-13 17:44:51,866:ERROR:(Process Exit): setup has been interupted with user command 'quit'. setup must rerun.
2023-02-13 17:44:51,866:INFO:Creating global containers
2023-02-13 18:18:13,101:INFO:PyCaret Supervised Module
2023-02-13 18:18:13,102:INFO:ML Usecase: clustering
2023-02-13 18:18:13,103:INFO:version 2.2.3
2023-02-13 18:18:13,103:INFO:Initializing setup()
2023-02-13 18:18:13,103:INFO:setup(target=None, ml_usecase=clustering, available_plots={'cluster': 'Cluster PCA Plot (2d)', 'tsne': 'Cluster TSnE (3d)', 'elbow': 'Elbow', 'silhouette': 'Silhouette', 'distance': 'Distance', 'distribution': 'Distribution'}, train_size=0.7, test_data=None, preprocess=True, imputation_type=simple, iterative_imputation_iters=5, categorical_features=None, categorical_imputation=mode, categorical_iterative_imputer=lightgbm, ordinal_features=None, high_cardinality_features=None, high_cardinality_method=frequency, numeric_features=None, numeric_imputation=mean, numeric_iterative_imputer=lightgbm, date_features=None, ignore_features=None, normalize=False, normalize_method=zscore, transformation=False, transformation_method=yeo-johnson, handle_unknown_categorical=True, unknown_categorical_method=least_frequent, pca=False, pca_method=linear, pca_components=None, ignore_low_variance=False, combine_rare_levels=False, rare_level_threshold=0.1, bin_numeric_features=None, remove_outliers=False, outliers_threshold=0.05, remove_multicollinearity=False, multicollinearity_threshold=0.9, remove_perfect_collinearity=False, create_clusters=False, cluster_iter=20, polynomial_features=False, polynomial_degree=2, trigonometry_features=False, polynomial_threshold=0.1, group_features=None, group_names=None, feature_selection=False, feature_selection_threshold=0.8, feature_selection_method=classic, feature_interaction=False, feature_ratio=False, interaction_threshold=0.01, fix_imbalance=False, fix_imbalance_method=None, transform_target=False, transform_target_method=box-cox, data_split_shuffle=False, data_split_stratify=False, fold_strategy=kfold, fold=10, fold_shuffle=False, fold_groups=None, n_jobs=-1, use_gpu=False, custom_pipeline=None, html=True, session_id=None, log_experiment=False, experiment_name=None, log_plots=False, log_profile=False, log_data=False, silent=False, verbose=True, profile=False, profile_kwargs=None, display=None)
2023-02-13 18:18:13,103:INFO:Checking environment
2023-02-13 18:18:13,103:INFO:python_version: 3.10.9
2023-02-13 18:18:13,103:INFO:python_build: ('main', 'Jan 11 2023 09:18:20')
2023-02-13 18:18:13,103:INFO:machine: x86_64
2023-02-13 18:18:13,103:INFO:platform: macOS-10.16-x86_64-i386-64bit
2023-02-13 18:18:13,104:INFO:Memory: svmem(total=17179869184, available=1200967680, percent=93.0, used=1698369536, free=39657472, active=1163231232, inactive=1149243392, wired=535138304)
2023-02-13 18:18:13,104:INFO:Physical Core: 10
2023-02-13 18:18:13,104:INFO:Logical Core: 10
2023-02-13 18:18:13,104:INFO:Checking libraries
2023-02-13 18:18:13,104:INFO:pd==1.5.2
2023-02-13 18:18:13,104:INFO:numpy==1.23.5
2023-02-13 18:18:13,105:INFO:sklearn==1.2.0
2023-02-13 18:18:13,105:INFO:xgboost==1.7.1
2023-02-13 18:18:13,105:INFO:lightgbm==3.3.5
2023-02-13 18:18:13,105:INFO:catboost==1.0.4
2023-02-13 18:18:13,105:INFO:mlflow==1.27.0
2023-02-13 18:18:13,105:INFO:Checking Exceptions
2023-02-13 18:18:13,106:INFO:Declaring global variables
2023-02-13 18:18:13,106:INFO:USI: bc05
2023-02-13 18:18:13,106:INFO:pycaret_globals: {'target_param', 'display_container', 'imputation_classifier', 'imputation_regressor', 'iterative_imputation_iters_param', 'transform_target_method_param', 'fold_shuffle_param', 'transform_target_param', '_gpu_n_jobs_param', 'master_model_container', 'logging_param', 'fix_imbalance_method_param', '_internal_pipeline', 'exp_name_log', 'log_plots_param', 'fold_generator', '_all_metrics', '_all_models_internal', 'pycaret_globals', '_ml_usecase', '_all_models', 'fold_groups_param', 'stratify_param', 'gpu_param', 'create_model_container', 'experiment__', 'html_param', 'USI', 'fix_imbalance_param', 'X', 'seed', 'n_jobs_param', 'data_before_preprocess', '_available_plots', 'prep_pipe', 'fold_param'}
2023-02-13 18:18:13,106:INFO:Preparing display monitor
2023-02-13 18:18:13,107:INFO:Preparing display monitor
2023-02-13 18:18:13,124:INFO:Importing libraries
2023-02-13 18:18:13,124:INFO:Copying data for preprocessing
2023-02-13 18:18:13,129:INFO:Declaring preprocessing parameters
2023-02-13 18:18:13,131:INFO:Creating preprocessing pipeline
2023-02-13 18:18:13,136:INFO:Preprocessing pipeline created successfully
2023-02-13 18:18:13,136:ERROR:(Process Exit): setup has been interupted with user command 'quit'. setup must rerun.
2023-02-13 18:18:13,136:INFO:Creating global containers
2023-02-13 18:22:02,141:INFO:PyCaret Supervised Module
2023-02-13 18:22:02,143:INFO:ML Usecase: clustering
2023-02-13 18:22:02,143:INFO:version 2.2.3
2023-02-13 18:22:02,144:INFO:Initializing setup()
2023-02-13 18:22:02,144:INFO:setup(target=None, ml_usecase=clustering, available_plots={'cluster': 'Cluster PCA Plot (2d)', 'tsne': 'Cluster TSnE (3d)', 'elbow': 'Elbow', 'silhouette': 'Silhouette', 'distance': 'Distance', 'distribution': 'Distribution'}, train_size=0.7, test_data=None, preprocess=True, imputation_type=simple, iterative_imputation_iters=5, categorical_features=None, categorical_imputation=mode, categorical_iterative_imputer=lightgbm, ordinal_features=None, high_cardinality_features=None, high_cardinality_method=frequency, numeric_features=None, numeric_imputation=mean, numeric_iterative_imputer=lightgbm, date_features=None, ignore_features=None, normalize=False, normalize_method=zscore, transformation=False, transformation_method=yeo-johnson, handle_unknown_categorical=True, unknown_categorical_method=least_frequent, pca=False, pca_method=linear, pca_components=None, ignore_low_variance=False, combine_rare_levels=False, rare_level_threshold=0.1, bin_numeric_features=None, remove_outliers=False, outliers_threshold=0.05, remove_multicollinearity=False, multicollinearity_threshold=0.9, remove_perfect_collinearity=False, create_clusters=False, cluster_iter=20, polynomial_features=False, polynomial_degree=2, trigonometry_features=False, polynomial_threshold=0.1, group_features=None, group_names=None, feature_selection=False, feature_selection_threshold=0.8, feature_selection_method=classic, feature_interaction=False, feature_ratio=False, interaction_threshold=0.01, fix_imbalance=False, fix_imbalance_method=None, transform_target=False, transform_target_method=box-cox, data_split_shuffle=False, data_split_stratify=False, fold_strategy=kfold, fold=10, fold_shuffle=False, fold_groups=None, n_jobs=-1, use_gpu=False, custom_pipeline=None, html=True, session_id=None, log_experiment=False, experiment_name=None, log_plots=False, log_profile=False, log_data=False, silent=False, verbose=True, profile=False, profile_kwargs=None, display=None)
2023-02-13 18:22:02,144:INFO:Checking environment
2023-02-13 18:22:02,144:INFO:python_version: 3.10.9
2023-02-13 18:22:02,144:INFO:python_build: ('main', 'Jan 11 2023 09:18:20')
2023-02-13 18:22:02,144:INFO:machine: x86_64
2023-02-13 18:22:02,144:INFO:platform: macOS-10.16-x86_64-i386-64bit
2023-02-13 18:22:02,144:INFO:Memory: svmem(total=17179869184, available=1207418880, percent=93.0, used=1696083968, free=45178880, active=1165430784, inactive=1156644864, wired=530653184)
2023-02-13 18:22:02,145:INFO:Physical Core: 10
2023-02-13 18:22:02,145:INFO:Logical Core: 10
2023-02-13 18:22:02,145:INFO:Checking libraries
2023-02-13 18:22:02,145:INFO:pd==1.5.2
2023-02-13 18:22:02,145:INFO:numpy==1.23.5
2023-02-13 18:22:02,145:INFO:sklearn==1.2.0
2023-02-13 18:22:02,145:INFO:xgboost==1.7.1
2023-02-13 18:22:02,145:INFO:lightgbm==3.3.5
2023-02-13 18:22:02,145:INFO:catboost==1.0.4
2023-02-13 18:22:02,145:INFO:mlflow==1.27.0
2023-02-13 18:22:02,145:INFO:Checking Exceptions
2023-02-13 18:22:02,146:INFO:Declaring global variables
2023-02-13 18:22:02,146:INFO:USI: 3aa4
2023-02-13 18:22:02,146:INFO:pycaret_globals: {'target_param', 'display_container', 'imputation_classifier', 'imputation_regressor', 'iterative_imputation_iters_param', 'transform_target_method_param', 'fold_shuffle_param', 'transform_target_param', '_gpu_n_jobs_param', 'master_model_container', 'logging_param', 'fix_imbalance_method_param', '_internal_pipeline', 'exp_name_log', 'log_plots_param', 'fold_generator', '_all_metrics', '_all_models_internal', 'pycaret_globals', '_ml_usecase', '_all_models', 'fold_groups_param', 'stratify_param', 'gpu_param', 'create_model_container', 'experiment__', 'html_param', 'USI', 'fix_imbalance_param', 'X', 'seed', 'n_jobs_param', 'data_before_preprocess', '_available_plots', 'prep_pipe', 'fold_param'}
2023-02-13 18:22:02,146:INFO:Preparing display monitor
2023-02-13 18:22:02,146:INFO:Preparing display monitor
2023-02-13 18:22:02,161:INFO:Importing libraries
2023-02-13 18:22:02,161:INFO:Copying data for preprocessing
2023-02-13 18:22:02,166:INFO:Declaring preprocessing parameters
2023-02-13 18:22:02,168:INFO:Creating preprocessing pipeline
2023-02-13 18:22:02,172:INFO:Preprocessing pipeline created successfully
2023-02-13 18:22:02,173:ERROR:(Process Exit): setup has been interupted with user command 'quit'. setup must rerun.
2023-02-13 18:22:02,173:INFO:Creating global containers
